<?xml version="1.0" encoding="UTF-8"?>
<!-- Generated by org.testng.reporters.JUnitXMLReporter -->
<testsuite ignored="0" hostname="DESKTOP-7M5SQS4" failures="0" tests="5" name="Test" time="0.088" errors="0" timestamp="2021-10-28T19:47:48 IST">
  <testcase classname="com.tesng.annotation.GroupOfGroup" name="searchMobile" time="0.011"/>
  <testcase classname="com.tesng.annotation.GroupOfGroup" name="searchShoe" time="0.002"/>
  <testcase classname="com.tesng.annotation.GroupOfGroup" name="searchTv" time="0.001"/>
  <testcase classname="com.tesng.annotation.GroupOfGroup" name="searchWatch" time="0.001"/>
  <testcase classname="com.tesng.annotation.GroupOfGroup" name="searchlaptop" time="0.002"/>
</testsuite> <!-- Test -->
